#
# There is insufficient memory for the Java Runtime Environment to continue.
# Native memory allocation (malloc) failed to allocate 1800176 bytes for Chunk::new
# Possible reasons:
#   The system is out of physical RAM or swap space
#   The process is running with CompressedOops enabled, and the Java Heap may be blocking the growth of the native heap
# Possible solutions:
#   Reduce memory load on the system
#   Increase physical memory or swap space
#   Check if swap backing store is full
#   Decrease Java heap size (-Xmx/-Xms)
#   Decrease number of Java threads
#   Decrease Java thread stack sizes (-Xss)
#   Set larger code cache with -XX:ReservedCodeCacheSize=
#   JVM is running with Unscaled Compressed Oops mode in which the Java heap is
#     placed in the first 4GB address space. The Java Heap base address is the
#     maximum limit for the native heap growth. Please use -XX:HeapBaseMinAddress
#     to set the Java Heap base and to place the Java Heap above 4GB virtual address.
# This output file may be truncated or incomplete.
#
#  Out of Memory Error (arena.cpp:189), pid=4484, tid=23740
#
# JRE version: OpenJDK Runtime Environment Temurin-17.0.2+8 (17.0.2+8) (build 17.0.2+8)
# Java VM: OpenJDK 64-Bit Server VM Temurin-17.0.2+8 (17.0.2+8, mixed mode, tiered, compressed oops, compressed class ptrs, parallel gc, windows-amd64)
# No core dump will be written. Minidumps are not enabled by default on client versions of Windows
#

---------------  S U M M A R Y ------------

Command Line: --add-modules=ALL-SYSTEM --add-opens=java.base/java.util=ALL-UNNAMED --add-opens=java.base/java.lang=ALL-UNNAMED --add-opens=java.base/sun.nio.fs=ALL-UNNAMED -Declipse.application=org.eclipse.jdt.ls.core.id1 -Dosgi.bundles.defaultStartLevel=4 -Declipse.product=org.eclipse.jdt.ls.core.product -Djava.import.generatesMetadataFilesAtProjectRoot=false -Dfile.encoding=utf8 -DwatchParentProcess=false -XX:+UseParallelGC -XX:GCTimeRatio=4 -XX:AdaptiveSizePolicyWeight=90 -Dsun.zip.disableMemoryMapping=true -Xmx1G -Xms100m -XX:+HeapDumpOnOutOfMemoryError -XX:HeapDumpPath=c:\Users\Asma\AppData\Roaming\Code\User\workspaceStorage\4b475618d1e21e80c32405ba4d7e2000\redhat.java c:\Users\Asma\.vscode\extensions\redhat.java-1.6.0-win32-x64\server\plugins\org.eclipse.equinox.launcher_1.6.400.v20210924-0641.jar -configuration c:\Users\Asma\AppData\Roaming\Code\User\globalStorage\redhat.java\1.6.0\config_win -data c:\Users\Asma\AppData\Roaming\Code\User\workspaceStorage\4b475618d1e21e80c32405ba4d7e2000\redhat.java\jdt_ws

Host: Intel(R) Core(TM) i5-9300H CPU @ 2.40GHz, 8 cores, 7G,  Windows 10 , 64 bit Build 19041 (10.0.19041.1706)
Time: Thu May 26 17:38:47 2022 Romance Standard Time elapsed time: 13.267004 seconds (0d 0h 0m 13s)

---------------  T H R E A D  ---------------

Current thread (0x000002c9fe124b90):  JavaThread "C2 CompilerThread0" daemon [_thread_in_native, id=23740, stack(0x000000f4bab00000,0x000000f4bac00000)]


Current CompileTask:
C2:  13267 6184 %     4       org.eclipse.jdt.internal.core.search.indexing.BinaryIndexer::extractReferenceFromConstantPool @ 15 (341 bytes)

Stack: [0x000000f4bab00000,0x000000f4bac00000]
Native frames: (J=compiled Java code, j=interpreted, Vv=VM code, C=native code)
V  [jvm.dll+0x67564a]
V  [jvm.dll+0x82fc04]
V  [jvm.dll+0x8313ae]
V  [jvm.dll+0x831a13]
V  [jvm.dll+0x245235]
V  [jvm.dll+0xabd7b]
V  [jvm.dll+0xac30c]
V  [jvm.dll+0x3631a2]
V  [jvm.dll+0x1bb8e8]
V  [jvm.dll+0x218229]
V  [jvm.dll+0x2174f1]
V  [jvm.dll+0x1a3a8d]
V  [jvm.dll+0x226ef8]
V  [jvm.dll+0x22503c]
V  [jvm.dll+0x7e596b]
V  [jvm.dll+0x7dff2a]
V  [jvm.dll+0x6744d5]
C  [ucrtbase.dll+0x21bb2]
C  [KERNEL32.DLL+0x17034]
C  [ntdll.dll+0x52651]


---------------  P R O C E S S  ---------------

Threads class SMR info:
_java_thread_list=0x000002c982b765f0, length=34, elements={
0x000002c9e7d64200, 0x000002c9fbbe6fa0, 0x000002c9fe0f28d0, 0x000002c9fbbe8fb0,
0x000002c9fe117140, 0x000002c9fe11b1c0, 0x000002c9fe11e240, 0x000002c9fe124b90,
0x000002c9fe125ce0, 0x000002c9fe126d80, 0x000002c9fe15f930, 0x000002c9fe3953c0,
0x000002c9fea8a2d0, 0x000002c9fe9a0040, 0x000002c9fe9a0510, 0x000002c9fe9a09e0,
0x000002c9fea8abb0, 0x000002c9fea8b080, 0x000002c9fea0cd10, 0x000002c9feab47c0,
0x000002c9feab5160, 0x000002c9feab7310, 0x000002c9feab42f0, 0x000002c9feab77e0,
0x000002c9feab5630, 0x000002c9feab6970, 0x000002c9feab5fd0, 0x000002c9feab3e20,
0x000002c9feab64a0, 0x000002c9feab6e40, 0x000002c9fea2de60, 0x000002c9fea2e800,
0x000002c9fea2d4c0, 0x000002c9fea2e330
}

Java Threads: ( => current thread )
  0x000002c9e7d64200 JavaThread "main" [_thread_blocked, id=16024, stack(0x000000f4ba200000,0x000000f4ba300000)]
  0x000002c9fbbe6fa0 JavaThread "Reference Handler" daemon [_thread_blocked, id=22560, stack(0x000000f4ba500000,0x000000f4ba600000)]
  0x000002c9fe0f28d0 JavaThread "Finalizer" daemon [_thread_blocked, id=20512, stack(0x000000f4ba600000,0x000000f4ba700000)]
  0x000002c9fbbe8fb0 JavaThread "Signal Dispatcher" daemon [_thread_blocked, id=15988, stack(0x000000f4ba700000,0x000000f4ba800000)]
  0x000002c9fe117140 JavaThread "Attach Listener" daemon [_thread_blocked, id=16572, stack(0x000000f4ba800000,0x000000f4ba900000)]
  0x000002c9fe11b1c0 JavaThread "Service Thread" daemon [_thread_blocked, id=2700, stack(0x000000f4ba900000,0x000000f4baa00000)]
  0x000002c9fe11e240 JavaThread "Monitor Deflation Thread" daemon [_thread_blocked, id=20356, stack(0x000000f4baa00000,0x000000f4bab00000)]
=>0x000002c9fe124b90 JavaThread "C2 CompilerThread0" daemon [_thread_in_native, id=23740, stack(0x000000f4bab00000,0x000000f4bac00000)]
  0x000002c9fe125ce0 JavaThread "C1 CompilerThread0" daemon [_thread_blocked, id=21480, stack(0x000000f4bac00000,0x000000f4bad00000)]
  0x000002c9fe126d80 JavaThread "Sweeper thread" daemon [_thread_blocked, id=4676, stack(0x000000f4bad00000,0x000000f4bae00000)]
  0x000002c9fe15f930 JavaThread "Common-Cleaner" daemon [_thread_blocked, id=12056, stack(0x000000f4bae00000,0x000000f4baf00000)]
  0x000002c9fe3953c0 JavaThread "Notification Thread" daemon [_thread_blocked, id=20712, stack(0x000000f4baf00000,0x000000f4bb000000)]
  0x000002c9fea8a2d0 JavaThread "Equinox resolver thread - Equinox Container: 00b46b77-e7cf-4027-98a1-f82011832eac" daemon [_thread_blocked, id=18532, stack(0x000000f4bb100000,0x000000f4bb200000)]
  0x000002c9fe9a0040 JavaThread "Equinox resolver thread - Equinox Container: 00b46b77-e7cf-4027-98a1-f82011832eac" daemon [_thread_blocked, id=21360, stack(0x000000f4bb200000,0x000000f4bb300000)]
  0x000002c9fe9a0510 JavaThread "Equinox resolver thread - Equinox Container: 00b46b77-e7cf-4027-98a1-f82011832eac" daemon [_thread_blocked, id=19584, stack(0x000000f4bb300000,0x000000f4bb400000)]
  0x000002c9fe9a09e0 JavaThread "Equinox resolver thread - Equinox Container: 00b46b77-e7cf-4027-98a1-f82011832eac" daemon [_thread_blocked, id=13044, stack(0x000000f4bb400000,0x000000f4bb500000)]
  0x000002c9fea8abb0 JavaThread "Equinox resolver thread - Equinox Container: 00b46b77-e7cf-4027-98a1-f82011832eac" daemon [_thread_blocked, id=25532, stack(0x000000f4bb500000,0x000000f4bb600000)]
  0x000002c9fea8b080 JavaThread "Equinox resolver thread - Equinox Container: 00b46b77-e7cf-4027-98a1-f82011832eac" daemon [_thread_blocked, id=13400, stack(0x000000f4bb600000,0x000000f4bb700000)]
  0x000002c9fea0cd10 JavaThread "Active Thread: Equinox Container: 00b46b77-e7cf-4027-98a1-f82011832eac" [_thread_blocked, id=19388, stack(0x000000f4bb700000,0x000000f4bb800000)]
  0x000002c9feab47c0 JavaThread "Framework Event Dispatcher: Equinox Container: 00b46b77-e7cf-4027-98a1-f82011832eac" daemon [_thread_blocked, id=20260, stack(0x000000f4bbe00000,0x000000f4bbf00000)]
  0x000002c9feab5160 JavaThread "Start Level: Equinox Container: 00b46b77-e7cf-4027-98a1-f82011832eac" daemon [_thread_blocked, id=13788, stack(0x000000f4bbf00000,0x000000f4bc000000)]
  0x000002c9feab7310 JavaThread "Refresh Thread: Equinox Container: 00b46b77-e7cf-4027-98a1-f82011832eac" daemon [_thread_blocked, id=13884, stack(0x000000f4bc000000,0x000000f4bc100000)]
  0x000002c9feab42f0 JavaThread "Equinox resolver thread - Equinox Container: 00b46b77-e7cf-4027-98a1-f82011832eac" daemon [_thread_blocked, id=25464, stack(0x000000f4bc100000,0x000000f4bc200000)]
  0x000002c9feab77e0 JavaThread "Equinox resolver thread - Equinox Container: 00b46b77-e7cf-4027-98a1-f82011832eac" daemon [_thread_blocked, id=22240, stack(0x000000f4bc200000,0x000000f4bc300000)]
  0x000002c9feab5630 JavaThread "SCR Component Actor" daemon [_thread_blocked, id=1768, stack(0x000000f4bc300000,0x000000f4bc400000)]
  0x000002c9feab6970 JavaThread "Worker-JM" [_thread_blocked, id=19988, stack(0x000000f4bc500000,0x000000f4bc600000)]
  0x000002c9feab5fd0 JavaThread "Worker-0" [_thread_blocked, id=11232, stack(0x000000f4bc700000,0x000000f4bc800000)]
  0x000002c9feab3e20 JavaThread "Worker-1" [_thread_blocked, id=17204, stack(0x000000f4bc800000,0x000000f4bc900000)]
  0x000002c9feab64a0 JavaThread "Java indexing" daemon [_thread_in_Java, id=19296, stack(0x000000f4bc900000,0x000000f4bca00000)]
  0x000002c9feab6e40 JavaThread "Bundle File Closer" daemon [_thread_blocked, id=2032, stack(0x000000f4bca00000,0x000000f4bcb00000)]
  0x000002c9fea2de60 JavaThread "pool-2-thread-1" [_thread_in_native, id=21428, stack(0x000000f4bcb00000,0x000000f4bcc00000)]
  0x000002c9fea2e800 JavaThread "Worker-2" [_thread_blocked, id=19132, stack(0x000000f4bcc00000,0x000000f4bcd00000)]
  0x000002c9fea2d4c0 JavaThread "Worker-3" [_thread_blocked, id=9388, stack(0x000000f4bcd00000,0x000000f4bce00000)]
  0x000002c9fea2e330 JavaThread "Worker-4: Java indexing... " [_thread_blocked, id=10480, stack(0x000000f4bce00000,0x000000f4bcf00000)]

Other Threads:
  0x000002c9fbbdf270 VMThread "VM Thread" [stack: 0x000000f4ba400000,0x000000f4ba500000] [id=16348]
  0x000002c9fe395ea0 WatcherThread [stack: 0x000000f4bb000000,0x000000f4bb100000] [id=12820]
  0x000002c9e7d793e0 GCTaskThread "GC Thread#0" [stack: 0x000000f4ba300000,0x000000f4ba400000] [id=25296]
  0x000002c9fe781590 GCTaskThread "GC Thread#1" [stack: 0x000000f4bb800000,0x000000f4bb900000] [id=2836]
  0x000002c9fe9dcd20 GCTaskThread "GC Thread#2" [stack: 0x000000f4bb900000,0x000000f4bba00000] [id=23488]
  0x000002c9fe9dcfd0 GCTaskThread "GC Thread#3" [stack: 0x000000f4bba00000,0x000000f4bbb00000] [id=22512]
  0x000002c9fe9e0120 GCTaskThread "GC Thread#4" [stack: 0x000000f4bbb00000,0x000000f4bbc00000] [id=10348]
  0x000002c9fe9e03d0 GCTaskThread "GC Thread#5" [stack: 0x000000f4bbc00000,0x000000f4bbd00000] [id=16968]
  0x000002c9fe9e0680 GCTaskThread "GC Thread#6" [stack: 0x000000f4bbd00000,0x000000f4bbe00000] [id=23852]
  0x000002c98037b7c0 GCTaskThread "GC Thread#7" [stack: 0x000000f4bc600000,0x000000f4bc700000] [id=23248]

Threads with active compile tasks:
C2 CompilerThread0    13316 6184 %     4       org.eclipse.jdt.internal.core.search.indexing.BinaryIndexer::extractReferenceFromConstantPool @ 15 (341 bytes)

VM state: not at safepoint (normal execution)

VM Mutex/Monitor currently owned by a thread: None

Heap address: 0x00000000c0000000, size: 1024 MB, Compressed Oops mode: 32-bit

CDS archive(s) not mapped
Compressed class space mapped at: 0x0000000100000000-0x0000000140000000, reserved size: 1073741824
Narrow klass base: 0x0000000000000000, Narrow klass shift: 3, Narrow klass range: 0x140000000

GC Precious Log:
 CPUs: 8 total, 8 available
 Memory: 8033M
 Large Page Support: Disabled
 NUMA Support: Disabled
 Compressed Oops: Enabled (32-bit)
 Alignments: Space 512K, Generation 512K, Heap 2M
 Heap Min Capacity: 100M
 Heap Initial Capacity: 100M
 Heap Max Capacity: 1G
 Pre-touch: Disabled
 Parallel Workers: 8

Heap:
 PSYoungGen      total 19968K, used 5519K [0x00000000eab00000, 0x00000000ec600000, 0x0000000100000000)
  eden space 16384K, 12% used [0x00000000eab00000,0x00000000eacef4a0,0x00000000ebb00000)
  from space 3584K, 98% used [0x00000000ebb00000,0x00000000ebe749f0,0x00000000ebe80000)
  to   space 5632K, 0% used [0x00000000ec080000,0x00000000ec080000,0x00000000ec600000)
 ParOldGen       total 68608K, used 53216K [0x00000000c0000000, 0x00000000c4300000, 0x00000000eab00000)
  object space 68608K, 77% used [0x00000000c0000000,0x00000000c33f8190,0x00000000c4300000)
 Metaspace       used 52926K, committed 53760K, reserved 1097728K
  class space    used 5737K, committed 6080K, reserved 1048576K

Card table byte_map: [0x000002c9e7740000,0x000002c9e7950000] _byte_map_base: 0x000002c9e7140000

Marking Bits: (ParMarkBitMap*) 0x00007ffd64c23af0
 Begin Bits: [0x000002c9f99f0000, 0x000002c9fa9f0000)
 End Bits:   [0x000002c9fa9f0000, 0x000002c9fb9f0000)

Polling page: 0x000002c9e5d80000

Metaspace:

Usage:
  Non-class:     46.08 MB used.
      Class:      5.60 MB used.
       Both:     51.69 MB used.

Virtual space:
  Non-class space:       48.00 MB reserved,      46.56 MB ( 97%) committed,  6 nodes.
      Class space:        1.00 GB reserved,       5.94 MB ( <1%) committed,  1 nodes.
             Both:        1.05 GB reserved,      52.50 MB (  5%) committed. 

Chunk freelists:
   Non-Class:  560.00 KB
       Class:  1.99 MB
        Both:  2.54 MB

MaxMetaspaceSize: unlimited
CompressedClassSpaceSize: 1.00 GB
Initial GC threshold: 21.00 MB
Current GC threshold: 58.38 MB
CDS: off
MetaspaceReclaimPolicy: balanced
 - commit_granule_bytes: 65536.
 - commit_granule_words: 8192.
 - virtual_space_node_default_size: 1048576.
 - enlarge_chunks_in_place: 1.
 - new_chunks_are_fully_committed: 0.
 - uncommit_free_chunks: 1.
 - use_allocation_guard: 0.
 - handle_deallocations: 1.


Internal statistics:

num_allocs_failed_limit: 6.
num_arena_births: 334.
num_arena_deaths: 0.
num_vsnodes_births: 7.
num_vsnodes_deaths: 0.
num_space_committed: 840.
num_space_uncommitted: 0.
num_chunks_returned_to_freelist: 6.
num_chunks_taken_from_freelist: 2068.
num_chunk_merges: 6.
num_chunk_splits: 1401.
num_chunks_enlarged: 973.
num_purges: 0.
num_inconsistent_stats: 0.

CodeHeap 'non-profiled nmethods': size=120000Kb used=2005Kb max_used=2425Kb free=117994Kb
 bounds [0x000002c9f24c0000, 0x000002c9f2730000, 0x000002c9f99f0000]
CodeHeap 'profiled nmethods': size=120000Kb used=10165Kb max_used=12644Kb free=109834Kb
 bounds [0x000002c9eaf90000, 0x000002c9ebbf0000, 0x000002c9f24c0000]
CodeHeap 'non-nmethods': size=5760Kb used=1306Kb max_used=1411Kb free=4453Kb
 bounds [0x000002c9ea9f0000, 0x000002c9eac60000, 0x000002c9eaf90000]
 total_blobs=5829 nmethods=5194 adapters=549
 compilation: enabled
              stopped_count=0, restarted_count=0
 full_count=0

Compilation events (20 events):
Event: 13.234 Thread 0x000002c9fe125ce0 6205       2       org.eclipse.jdt.internal.core.search.indexing.BinaryIndexer::removeFirstSyntheticParameter (73 bytes)
Event: 13.235 Thread 0x000002c9fe125ce0 nmethod 6205 0x000002c9eb027790 code [0x000002c9eb027960, 0x000002c9eb027d58]
Event: 13.246 Thread 0x000002c9fe125ce0 6206   !   2       org.eclipse.core.internal.dtree.DataTreeLookup::newLookup (62 bytes)
Event: 13.247 Thread 0x000002c9fe125ce0 nmethod 6206 0x000002c9eaffcc90 code [0x000002c9eaffce40, 0x000002c9eaffd0b8]
Event: 13.247 Thread 0x000002c9fe125ce0 6209       2       org.eclipse.core.filesystem.provider.FileInfo::getAttribute (65 bytes)
Event: 13.247 Thread 0x000002c9fe125ce0 nmethod 6209 0x000002c9eafb7590 code [0x000002c9eafb7720, 0x000002c9eafb7898]
Event: 13.247 Thread 0x000002c9fe125ce0 6207       2       org.eclipse.core.internal.localstore.UnifiedTree::addChildToTree (18 bytes)
Event: 13.247 Thread 0x000002c9fe125ce0 nmethod 6207 0x000002c9eafb8310 code [0x000002c9eafb84a0, 0x000002c9eafb85e8]
Event: 13.247 Thread 0x000002c9fe125ce0 6208       2       org.eclipse.core.internal.localstore.UnifiedTree::createChildNodeFromFileSystem (65 bytes)
Event: 13.248 Thread 0x000002c9fe125ce0 nmethod 6208 0x000002c9eb042190 code [0x000002c9eb042380, 0x000002c9eb042748]
Event: 13.248 Thread 0x000002c9fe125ce0 6212       2       org.eclipse.core.internal.localstore.UnifiedTree::getWorkspace (13 bytes)
Event: 13.248 Thread 0x000002c9fe125ce0 nmethod 6212 0x000002c9eaff8c10 code [0x000002c9eaff8da0, 0x000002c9eaff8ed8]
Event: 13.248 Thread 0x000002c9fe125ce0 6211       2       org.eclipse.core.filesystem.provider.FileInfo::isDirectory (6 bytes)
Event: 13.248 Thread 0x000002c9fe125ce0 nmethod 6211 0x000002c9eaf9c990 code [0x000002c9eaf9cb20, 0x000002c9eaf9cc58]
Event: 13.248 Thread 0x000002c9fe125ce0 6210       2       org.eclipse.core.internal.localstore.UnifiedTree::addElementToQueue (10 bytes)
Event: 13.248 Thread 0x000002c9fe125ce0 nmethod 6210 0x000002c9eafa3290 code [0x000002c9eafa3420, 0x000002c9eafa3548]
Event: 13.259 Thread 0x000002c9fe125ce0 6213       3       org.eclipse.jdt.internal.core.search.indexing.AbstractIndexer::addClassDeclaration (122 bytes)
Event: 13.262 Thread 0x000002c9fe125ce0 nmethod 6213 0x000002c9eaffe910 code [0x000002c9eaffece0, 0x000002c9eb000c48]
Event: 13.262 Thread 0x000002c9fe125ce0 6214       2       org.eclipse.jdt.internal.compiler.util.Util::scanClassTypeSignature (109 bytes)
Event: 13.262 Thread 0x000002c9fe125ce0 nmethod 6214 0x000002c9eb02b110 code [0x000002c9eb02b2e0, 0x000002c9eb02b5b8]

GC Heap History (20 events):
Event: 10.358 GC heap before
{Heap before GC invocations=19 (full 2):
 PSYoungGen      total 22528K, used 22368K [0x00000000eab00000, 0x00000000ec400000, 0x0000000100000000)
  eden space 19968K, 100% used [0x00000000eab00000,0x00000000ebe80000,0x00000000ebe80000)
  from space 2560K, 93% used [0x00000000ec180000,0x00000000ec3d8010,0x00000000ec400000)
  to   space 2560K, 0% used [0x00000000ebf00000,0x00000000ebf00000,0x00000000ec180000)
 ParOldGen       total 68608K, used 29012K [0x00000000c0000000, 0x00000000c4300000, 0x00000000eab00000)
  object space 68608K, 42% used [0x00000000c0000000,0x00000000c1c55050,0x00000000c4300000)
 Metaspace       used 48709K, committed 49408K, reserved 1097728K
  class space    used 5324K, committed 5632K, reserved 1048576K
}
Event: 10.361 GC heap after
{Heap after GC invocations=19 (full 2):
 PSYoungGen      total 22016K, used 2016K [0x00000000eab00000, 0x00000000ec380000, 0x0000000100000000)
  eden space 19968K, 0% used [0x00000000eab00000,0x00000000eab00000,0x00000000ebe80000)
  from space 2048K, 98% used [0x00000000ebf00000,0x00000000ec0f8000,0x00000000ec100000)
  to   space 2560K, 0% used [0x00000000ec100000,0x00000000ec100000,0x00000000ec380000)
 ParOldGen       total 68608K, used 31298K [0x00000000c0000000, 0x00000000c4300000, 0x00000000eab00000)
  object space 68608K, 45% used [0x00000000c0000000,0x00000000c1e908e0,0x00000000c4300000)
 Metaspace       used 48709K, committed 49408K, reserved 1097728K
  class space    used 5324K, committed 5632K, reserved 1048576K
}
Event: 10.867 GC heap before
{Heap before GC invocations=20 (full 2):
 PSYoungGen      total 22016K, used 21984K [0x00000000eab00000, 0x00000000ec380000, 0x0000000100000000)
  eden space 19968K, 100% used [0x00000000eab00000,0x00000000ebe80000,0x00000000ebe80000)
  from space 2048K, 98% used [0x00000000ebf00000,0x00000000ec0f8000,0x00000000ec100000)
  to   space 2560K, 0% used [0x00000000ec100000,0x00000000ec100000,0x00000000ec380000)
 ParOldGen       total 68608K, used 31298K [0x00000000c0000000, 0x00000000c4300000, 0x00000000eab00000)
  object space 68608K, 45% used [0x00000000c0000000,0x00000000c1e908e0,0x00000000c4300000)
 Metaspace       used 49014K, committed 49856K, reserved 1097728K
  class space    used 5341K, committed 5696K, reserved 1048576K
}
Event: 10.870 GC heap after
{Heap after GC invocations=20 (full 2):
 PSYoungGen      total 21504K, used 1440K [0x00000000eab00000, 0x00000000ec280000, 0x0000000100000000)
  eden space 19968K, 0% used [0x00000000eab00000,0x00000000eab00000,0x00000000ebe80000)
  from space 1536K, 93% used [0x00000000ec100000,0x00000000ec268000,0x00000000ec280000)
  to   space 2048K, 0% used [0x00000000ebe80000,0x00000000ebe80000,0x00000000ec080000)
 ParOldGen       total 68608K, used 33162K [0x00000000c0000000, 0x00000000c4300000, 0x00000000eab00000)
  object space 68608K, 48% used [0x00000000c0000000,0x00000000c20628e0,0x00000000c4300000)
 Metaspace       used 49014K, committed 49856K, reserved 1097728K
  class space    used 5341K, committed 5696K, reserved 1048576K
}
Event: 11.194 GC heap before
{Heap before GC invocations=21 (full 2):
 PSYoungGen      total 21504K, used 21408K [0x00000000eab00000, 0x00000000ec280000, 0x0000000100000000)
  eden space 19968K, 100% used [0x00000000eab00000,0x00000000ebe80000,0x00000000ebe80000)
  from space 1536K, 93% used [0x00000000ec100000,0x00000000ec268000,0x00000000ec280000)
  to   space 2048K, 0% used [0x00000000ebe80000,0x00000000ebe80000,0x00000000ec080000)
 ParOldGen       total 68608K, used 33162K [0x00000000c0000000, 0x00000000c4300000, 0x00000000eab00000)
  object space 68608K, 48% used [0x00000000c0000000,0x00000000c20628e0,0x00000000c4300000)
 Metaspace       used 49035K, committed 49856K, reserved 1097728K
  class space    used 5342K, committed 5696K, reserved 1048576K
}
Event: 11.196 GC heap after
{Heap after GC invocations=21 (full 2):
 PSYoungGen      total 22016K, used 160K [0x00000000eab00000, 0x00000000ec180000, 0x0000000100000000)
  eden space 19968K, 0% used [0x00000000eab00000,0x00000000eab00000,0x00000000ebe80000)
  from space 2048K, 7% used [0x00000000ebe80000,0x00000000ebea8000,0x00000000ec080000)
  to   space 1024K, 0% used [0x00000000ec080000,0x00000000ec080000,0x00000000ec180000)
 ParOldGen       total 68608K, used 34490K [0x00000000c0000000, 0x00000000c4300000, 0x00000000eab00000)
  object space 68608K, 50% used [0x00000000c0000000,0x00000000c21ae8e0,0x00000000c4300000)
 Metaspace       used 49035K, committed 49856K, reserved 1097728K
  class space    used 5342K, committed 5696K, reserved 1048576K
}
Event: 11.579 GC heap before
{Heap before GC invocations=22 (full 2):
 PSYoungGen      total 22016K, used 20128K [0x00000000eab00000, 0x00000000ec180000, 0x0000000100000000)
  eden space 19968K, 100% used [0x00000000eab00000,0x00000000ebe80000,0x00000000ebe80000)
  from space 2048K, 7% used [0x00000000ebe80000,0x00000000ebea8000,0x00000000ec080000)
  to   space 1024K, 0% used [0x00000000ec080000,0x00000000ec080000,0x00000000ec180000)
 ParOldGen       total 68608K, used 34490K [0x00000000c0000000, 0x00000000c4300000, 0x00000000eab00000)
  object space 68608K, 50% used [0x00000000c0000000,0x00000000c21ae8e0,0x00000000c4300000)
 Metaspace       used 49270K, committed 50048K, reserved 1097728K
  class space    used 5376K, committed 5696K, reserved 1048576K
}
Event: 11.580 GC heap after
{Heap after GC invocations=22 (full 2):
 PSYoungGen      total 20480K, used 320K [0x00000000eab00000, 0x00000000ec100000, 0x0000000100000000)
  eden space 19968K, 0% used [0x00000000eab00000,0x00000000eab00000,0x00000000ebe80000)
  from space 512K, 62% used [0x00000000ec080000,0x00000000ec0d0000,0x00000000ec100000)
  to   space 512K, 0% used [0x00000000ec000000,0x00000000ec000000,0x00000000ec080000)
 ParOldGen       total 68608K, used 34554K [0x00000000c0000000, 0x00000000c4300000, 0x00000000eab00000)
  object space 68608K, 50% used [0x00000000c0000000,0x00000000c21be8e0,0x00000000c4300000)
 Metaspace       used 49270K, committed 50048K, reserved 1097728K
  class space    used 5376K, committed 5696K, reserved 1048576K
}
Event: 11.836 GC heap before
{Heap before GC invocations=23 (full 2):
 PSYoungGen      total 20480K, used 20288K [0x00000000eab00000, 0x00000000ec100000, 0x0000000100000000)
  eden space 19968K, 100% used [0x00000000eab00000,0x00000000ebe80000,0x00000000ebe80000)
  from space 512K, 62% used [0x00000000ec080000,0x00000000ec0d0000,0x00000000ec100000)
  to   space 512K, 0% used [0x00000000ec000000,0x00000000ec000000,0x00000000ec080000)
 ParOldGen       total 68608K, used 34554K [0x00000000c0000000, 0x00000000c4300000, 0x00000000eab00000)
  object space 68608K, 50% used [0x00000000c0000000,0x00000000c21be8e0,0x00000000c4300000)
 Metaspace       used 50586K, committed 51328K, reserved 1097728K
  class space    used 5514K, committed 5824K, reserved 1048576K
}
Event: 11.838 GC heap after
{Heap after GC invocations=23 (full 2):
 PSYoungGen      total 20480K, used 505K [0x00000000eab00000, 0x00000000ec280000, 0x0000000100000000)
  eden space 19968K, 0% used [0x00000000eab00000,0x00000000eab00000,0x00000000ebe80000)
  from space 512K, 98% used [0x00000000ec000000,0x00000000ec07e470,0x00000000ec080000)
  to   space 2048K, 0% used [0x00000000ec080000,0x00000000ec080000,0x00000000ec280000)
 ParOldGen       total 68608K, used 35622K [0x00000000c0000000, 0x00000000c4300000, 0x00000000eab00000)
  object space 68608K, 51% used [0x00000000c0000000,0x00000000c22c9ae8,0x00000000c4300000)
 Metaspace       used 50586K, committed 51328K, reserved 1097728K
  class space    used 5514K, committed 5824K, reserved 1048576K
}
Event: 11.925 GC heap before
{Heap before GC invocations=24 (full 2):
 PSYoungGen      total 20480K, used 20473K [0x00000000eab00000, 0x00000000ec280000, 0x0000000100000000)
  eden space 19968K, 100% used [0x00000000eab00000,0x00000000ebe80000,0x00000000ebe80000)
  from space 512K, 98% used [0x00000000ec000000,0x00000000ec07e470,0x00000000ec080000)
  to   space 2048K, 0% used [0x00000000ec080000,0x00000000ec080000,0x00000000ec280000)
 ParOldGen       total 68608K, used 35622K [0x00000000c0000000, 0x00000000c4300000, 0x00000000eab00000)
  object space 68608K, 51% used [0x00000000c0000000,0x00000000c22c9ae8,0x00000000c4300000)
 Metaspace       used 50645K, committed 51392K, reserved 1097728K
  class space    used 5516K, committed 5824K, reserved 1048576K
}
Event: 11.927 GC heap after
{Heap after GC invocations=24 (full 2):
 PSYoungGen      total 21504K, used 1298K [0x00000000eab00000, 0x00000000ec200000, 0x0000000100000000)
  eden space 19968K, 0% used [0x00000000eab00000,0x00000000eab00000,0x00000000ebe80000)
  from space 1536K, 84% used [0x00000000ec080000,0x00000000ec1c48c8,0x00000000ec200000)
  to   space 1536K, 0% used [0x00000000ebf00000,0x00000000ebf00000,0x00000000ec080000)
 ParOldGen       total 68608K, used 36019K [0x00000000c0000000, 0x00000000c4300000, 0x00000000eab00000)
  object space 68608K, 52% used [0x00000000c0000000,0x00000000c232cc60,0x00000000c4300000)
 Metaspace       used 50645K, committed 51392K, reserved 1097728K
  class space    used 5516K, committed 5824K, reserved 1048576K
}
Event: 12.092 GC heap before
{Heap before GC invocations=25 (full 2):
 PSYoungGen      total 21504K, used 21266K [0x00000000eab00000, 0x00000000ec200000, 0x0000000100000000)
  eden space 19968K, 100% used [0x00000000eab00000,0x00000000ebe80000,0x00000000ebe80000)
  from space 1536K, 84% used [0x00000000ec080000,0x00000000ec1c48c8,0x00000000ec200000)
  to   space 1536K, 0% used [0x00000000ebf00000,0x00000000ebf00000,0x00000000ec080000)
 ParOldGen       total 68608K, used 36019K [0x00000000c0000000, 0x00000000c4300000, 0x00000000eab00000)
  object space 68608K, 52% used [0x00000000c0000000,0x00000000c232cc60,0x00000000c4300000)
 Metaspace       used 52428K, committed 53184K, reserved 1097728K
  class space    used 5678K, committed 6016K, reserved 1048576K
}
Event: 12.095 GC heap after
{Heap after GC invocations=25 (full 2):
 PSYoungGen      total 21504K, used 1522K [0x00000000eab00000, 0x00000000eca80000, 0x0000000100000000)
  eden space 19968K, 0% used [0x00000000eab00000,0x00000000eab00000,0x00000000ebe80000)
  from space 1536K, 99% used [0x00000000ebf00000,0x00000000ec07ca08,0x00000000ec080000)
  to   space 6144K, 0% used [0x00000000ec480000,0x00000000ec480000,0x00000000eca80000)
 ParOldGen       total 68608K, used 39702K [0x00000000c0000000, 0x00000000c4300000, 0x00000000eab00000)
  object space 68608K, 57% used [0x00000000c0000000,0x00000000c26c59b8,0x00000000c4300000)
 Metaspace       used 52428K, committed 53184K, reserved 1097728K
  class space    used 5678K, committed 6016K, reserved 1048576K
}
Event: 12.341 GC heap before
{Heap before GC invocations=26 (full 2):
 PSYoungGen      total 21504K, used 21490K [0x00000000eab00000, 0x00000000eca80000, 0x0000000100000000)
  eden space 19968K, 100% used [0x00000000eab00000,0x00000000ebe80000,0x00000000ebe80000)
  from space 1536K, 99% used [0x00000000ebf00000,0x00000000ec07ca08,0x00000000ec080000)
  to   space 6144K, 0% used [0x00000000ec480000,0x00000000ec480000,0x00000000eca80000)
 ParOldGen       total 68608K, used 39702K [0x00000000c0000000, 0x00000000c4300000, 0x00000000eab00000)
  object space 68608K, 57% used [0x00000000c0000000,0x00000000c26c59b8,0x00000000c4300000)
 Metaspace       used 52906K, committed 53696K, reserved 1097728K
  class space    used 5737K, committed 6080K, reserved 1048576K
}
Event: 12.345 GC heap after
{Heap after GC invocations=26 (full 2):
 PSYoungGen      total 24064K, used 3913K [0x00000000eab00000, 0x00000000ec880000, 0x0000000100000000)
  eden space 19968K, 0% used [0x00000000eab00000,0x00000000eab00000,0x00000000ebe80000)
  from space 4096K, 95% used [0x00000000ec480000,0x00000000ec8524b8,0x00000000ec880000)
  to   space 4608K, 0% used [0x00000000ebf80000,0x00000000ebf80000,0x00000000ec400000)
 ParOldGen       total 68608K, used 41023K [0x00000000c0000000, 0x00000000c4300000, 0x00000000eab00000)
  object space 68608K, 59% used [0x00000000c0000000,0x00000000c280fe60,0x00000000c4300000)
 Metaspace       used 52906K, committed 53696K, reserved 1097728K
  class space    used 5737K, committed 6080K, reserved 1048576K
}
Event: 12.574 GC heap before
{Heap before GC invocations=27 (full 2):
 PSYoungGen      total 24064K, used 23881K [0x00000000eab00000, 0x00000000ec880000, 0x0000000100000000)
  eden space 19968K, 100% used [0x00000000eab00000,0x00000000ebe80000,0x00000000ebe80000)
  from space 4096K, 95% used [0x00000000ec480000,0x00000000ec8524b8,0x00000000ec880000)
  to   space 4608K, 0% used [0x00000000ebf80000,0x00000000ebf80000,0x00000000ec400000)
 ParOldGen       total 68608K, used 41023K [0x00000000c0000000, 0x00000000c4300000, 0x00000000eab00000)
  object space 68608K, 59% used [0x00000000c0000000,0x00000000c280fe60,0x00000000c4300000)
 Metaspace       used 52920K, committed 53760K, reserved 1097728K
  class space    used 5737K, committed 6080K, reserved 1048576K
}
Event: 12.578 GC heap after
{Heap after GC invocations=27 (full 2):
 PSYoungGen      total 24576K, used 4175K [0x00000000eab00000, 0x00000000ec780000, 0x0000000100000000)
  eden space 19968K, 0% used [0x00000000eab00000,0x00000000eab00000,0x00000000ebe80000)
  from space 4608K, 90% used [0x00000000ebf80000,0x00000000ec393f68,0x00000000ec400000)
  to   space 3584K, 0% used [0x00000000ec400000,0x00000000ec400000,0x00000000ec780000)
 ParOldGen       total 68608K, used 44736K [0x00000000c0000000, 0x00000000c4300000, 0x00000000eab00000)
  object space 68608K, 65% used [0x00000000c0000000,0x00000000c2bb0330,0x00000000c4300000)
 Metaspace       used 52920K, committed 53760K, reserved 1097728K
  class space    used 5737K, committed 6080K, reserved 1048576K
}
Event: 12.970 GC heap before
{Heap before GC invocations=28 (full 2):
 PSYoungGen      total 24576K, used 24143K [0x00000000eab00000, 0x00000000ec780000, 0x0000000100000000)
  eden space 19968K, 100% used [0x00000000eab00000,0x00000000ebe80000,0x00000000ebe80000)
  from space 4608K, 90% used [0x00000000ebf80000,0x00000000ec393f68,0x00000000ec400000)
  to   space 3584K, 0% used [0x00000000ec400000,0x00000000ec400000,0x00000000ec780000)
 ParOldGen       total 68608K, used 44736K [0x00000000c0000000, 0x00000000c4300000, 0x00000000eab00000)
  object space 68608K, 65% used [0x00000000c0000000,0x00000000c2bb0330,0x00000000c4300000)
 Metaspace       used 52921K, committed 53760K, reserved 1097728K
  class space    used 5737K, committed 6080K, reserved 1048576K
}
Event: 12.973 GC heap after
{Heap after GC invocations=28 (full 2):
 PSYoungGen      total 19968K, used 3557K [0x00000000eab00000, 0x00000000ed080000, 0x0000000100000000)
  eden space 16384K, 0% used [0x00000000eab00000,0x00000000eab00000,0x00000000ebb00000)
  from space 3584K, 99% used [0x00000000ec400000,0x00000000ec7796b8,0x00000000ec780000)
  to   space 9216K, 0% used [0x00000000ebb00000,0x00000000ebb00000,0x00000000ec400000)
 ParOldGen       total 68608K, used 49618K [0x00000000c0000000, 0x00000000c4300000, 0x00000000eab00000)
  object space 68608K, 72% used [0x00000000c0000000,0x00000000c3074b00,0x00000000c4300000)
 Metaspace       used 52921K, committed 53760K, reserved 1097728K
  class space    used 5737K, committed 6080K, reserved 1048576K
}

Deoptimization events (20 events):
Event: 13.250 Thread 0x000002c9feab64a0 DEOPT PACKING pc=0x000002c9ebad0515 sp=0x000000f4bc9fe640
Event: 13.250 Thread 0x000002c9feab64a0 DEOPT UNPACKING pc=0x000002c9eaa42843 sp=0x000000f4bc9fd9f8 mode 0
Event: 13.252 Thread 0x000002c9feab64a0 DEOPT PACKING pc=0x000002c9ebac8268 sp=0x000000f4bc9fe7a0
Event: 13.252 Thread 0x000002c9feab64a0 DEOPT UNPACKING pc=0x000002c9eaa42843 sp=0x000000f4bc9fdc28 mode 0
Event: 13.253 Thread 0x000002c9feab64a0 DEOPT PACKING pc=0x000002c9ebad0515 sp=0x000000f4bc9fe7b0
Event: 13.253 Thread 0x000002c9feab64a0 DEOPT UNPACKING pc=0x000002c9eaa42843 sp=0x000000f4bc9fdb68 mode 0
Event: 13.255 Thread 0x000002c9feab64a0 DEOPT PACKING pc=0x000002c9eb9a41c7 sp=0x000000f4bc9fe7e0
Event: 13.255 Thread 0x000002c9feab64a0 DEOPT UNPACKING pc=0x000002c9eaa42843 sp=0x000000f4bc9fdc78 mode 0
Event: 13.255 Thread 0x000002c9feab64a0 DEOPT PACKING pc=0x000002c9ebad0515 sp=0x000000f4bc9fe7b0
Event: 13.255 Thread 0x000002c9feab64a0 DEOPT UNPACKING pc=0x000002c9eaa42843 sp=0x000000f4bc9fdb68 mode 0
Event: 13.257 Thread 0x000002c9feab64a0 DEOPT PACKING pc=0x000002c9ebac8268 sp=0x000000f4bc9fe690
Event: 13.257 Thread 0x000002c9feab64a0 DEOPT UNPACKING pc=0x000002c9eaa42843 sp=0x000000f4bc9fdb18 mode 0
Event: 13.259 Thread 0x000002c9feab64a0 DEOPT PACKING pc=0x000002c9ebbb00cc sp=0x000000f4bc9fe720
Event: 13.259 Thread 0x000002c9feab64a0 DEOPT UNPACKING pc=0x000002c9eaa42843 sp=0x000000f4bc9fdb88 mode 0
Event: 13.261 Thread 0x000002c9feab64a0 DEOPT PACKING pc=0x000002c9ebac8268 sp=0x000000f4bc9fe620
Event: 13.261 Thread 0x000002c9feab64a0 DEOPT UNPACKING pc=0x000002c9eaa42843 sp=0x000000f4bc9fdaa8 mode 0
Event: 13.263 Thread 0x000002c9feab64a0 DEOPT PACKING pc=0x000002c9eb9a41c7 sp=0x000000f4bc9fe7e0
Event: 13.263 Thread 0x000002c9feab64a0 DEOPT UNPACKING pc=0x000002c9eaa42843 sp=0x000000f4bc9fdc78 mode 0
Event: 13.263 Thread 0x000002c9feab64a0 DEOPT PACKING pc=0x000002c9ebac8268 sp=0x000000f4bc9fe7f0
Event: 13.263 Thread 0x000002c9feab64a0 DEOPT UNPACKING pc=0x000002c9eaa42843 sp=0x000000f4bc9fdc78 mode 0

Classes unloaded (0 events):
No events

Classes redefined (0 events):
No events

Internal exceptions (20 events):
Event: 12.127 Thread 0x000002c9feab5fd0 Exception <a 'java/lang/NoSuchMethodError'{0x00000000eae570a0}: 'java.lang.Object java.lang.invoke.DirectMethodHandle$Holder.invokeSpecial(java.lang.Object, java.lang.Object, java.lang.Object, java.lang.Object, int, java.lang.Object)'> (0x00000000eae570a0) 
thrown [e:\jenkins\tmp\workspace\build\src\src\hotspot\share\interpreter\linkResolver.cpp, line 766]
Event: 12.133 Thread 0x000002c9fea2de60 Exception <a 'sun/nio/fs/WindowsException'{0x00000000eaea4980}> (0x00000000eaea4980) 
thrown [e:\jenkins\tmp\workspace\build\src\src\hotspot\share\prims\jni.cpp, line 516]
Event: 12.153 Thread 0x000002c9fea2de60 Exception <a 'sun/nio/fs/WindowsException'{0x00000000eb0211b8}> (0x00000000eb0211b8) 
thrown [e:\jenkins\tmp\workspace\build\src\src\hotspot\share\prims\jni.cpp, line 516]
Event: 12.155 Thread 0x000002c9fea2de60 Exception <a 'sun/nio/fs/WindowsException'{0x00000000eb031800}> (0x00000000eb031800) 
thrown [e:\jenkins\tmp\workspace\build\src\src\hotspot\share\prims\jni.cpp, line 516]
Event: 12.157 Thread 0x000002c9fea2de60 Exception <a 'sun/nio/fs/WindowsException'{0x00000000eb06b0b8}> (0x00000000eb06b0b8) 
thrown [e:\jenkins\tmp\workspace\build\src\src\hotspot\share\prims\jni.cpp, line 516]
Event: 12.158 Thread 0x000002c9fea2de60 Exception <a 'sun/nio/fs/WindowsException'{0x00000000eb07b380}> (0x00000000eb07b380) 
thrown [e:\jenkins\tmp\workspace\build\src\src\hotspot\share\prims\jni.cpp, line 516]
Event: 12.163 Thread 0x000002c9fea2de60 Exception <a 'sun/nio/fs/WindowsException'{0x00000000eb0c76c8}> (0x00000000eb0c76c8) 
thrown [e:\jenkins\tmp\workspace\build\src\src\hotspot\share\prims\jni.cpp, line 516]
Event: 12.190 Thread 0x000002c9fea2de60 Exception <a 'sun/nio/fs/WindowsException'{0x00000000eb3b74c8}> (0x00000000eb3b74c8) 
thrown [e:\jenkins\tmp\workspace\build\src\src\hotspot\share\prims\jni.cpp, line 516]
Event: 12.216 Thread 0x000002c9fea2de60 Exception <a 'sun/nio/fs/WindowsException'{0x00000000eb4aa600}> (0x00000000eb4aa600) 
thrown [e:\jenkins\tmp\workspace\build\src\src\hotspot\share\prims\jni.cpp, line 516]
Event: 12.218 Thread 0x000002c9fea2de60 Exception <a 'sun/nio/fs/WindowsException'{0x00000000eb4b1848}> (0x00000000eb4b1848) 
thrown [e:\jenkins\tmp\workspace\build\src\src\hotspot\share\prims\jni.cpp, line 516]
Event: 12.223 Thread 0x000002c9fea2de60 Exception <a 'sun/nio/fs/WindowsException'{0x00000000eb52f6a0}> (0x00000000eb52f6a0) 
thrown [e:\jenkins\tmp\workspace\build\src\src\hotspot\share\prims\jni.cpp, line 516]
Event: 12.223 Thread 0x000002c9fea2de60 Exception <a 'sun/nio/fs/WindowsException'{0x00000000eb5314a8}> (0x00000000eb5314a8) 
thrown [e:\jenkins\tmp\workspace\build\src\src\hotspot\share\prims\jni.cpp, line 516]
Event: 12.223 Thread 0x000002c9fea2de60 Exception <a 'sun/nio/fs/WindowsException'{0x00000000eb531c80}> (0x00000000eb531c80) 
thrown [e:\jenkins\tmp\workspace\build\src\src\hotspot\share\prims\jni.cpp, line 516]
Event: 12.223 Thread 0x000002c9fea2de60 Exception <a 'sun/nio/fs/WindowsException'{0x00000000eb5320d0}> (0x00000000eb5320d0) 
thrown [e:\jenkins\tmp\workspace\build\src\src\hotspot\share\prims\jni.cpp, line 516]
Event: 12.224 Thread 0x000002c9fea2de60 Exception <a 'sun/nio/fs/WindowsException'{0x00000000eb532dd8}> (0x00000000eb532dd8) 
thrown [e:\jenkins\tmp\workspace\build\src\src\hotspot\share\prims\jni.cpp, line 516]
Event: 12.227 Thread 0x000002c9fea2de60 Exception <a 'java/io/FileNotFoundException'{0x00000000eb53c720}> (0x00000000eb53c720) 
thrown [e:\jenkins\tmp\workspace\build\src\src\hotspot\share\prims\jni.cpp, line 516]
Event: 12.236 Thread 0x000002c9fea2de60 Exception <a 'java/io/FileNotFoundException'{0x00000000eb599c98}> (0x00000000eb599c98) 
thrown [e:\jenkins\tmp\workspace\build\src\src\hotspot\share\prims\jni.cpp, line 516]
Event: 12.238 Thread 0x000002c9fea2de60 Exception <a 'sun/nio/fs/WindowsException'{0x00000000eb5a1c20}> (0x00000000eb5a1c20) 
thrown [e:\jenkins\tmp\workspace\build\src\src\hotspot\share\prims\jni.cpp, line 516]
Event: 12.248 Thread 0x000002c9fea2de60 Exception <a 'sun/nio/fs/WindowsException'{0x00000000eb64ff00}> (0x00000000eb64ff00) 
thrown [e:\jenkins\tmp\workspace\build\src\src\hotspot\share\prims\jni.cpp, line 516]
Event: 12.256 Thread 0x000002c9fea2de60 Exception <a 'sun/nio/fs/WindowsException'{0x00000000eb720b90}> (0x00000000eb720b90) 
thrown [e:\jenkins\tmp\workspace\build\src\src\hotspot\share\prims\jni.cpp, line 516]

VM Operations (20 events):
Event: 12.087 Executing VM operation: HandshakeAllThreads
Event: 12.087 Executing VM operation: HandshakeAllThreads done
Event: 12.092 Executing VM operation: ParallelGCFailedAllocation
Event: 12.095 Executing VM operation: ParallelGCFailedAllocation done
Event: 12.167 Executing VM operation: HandshakeAllThreads
Event: 12.167 Executing VM operation: HandshakeAllThreads done
Event: 12.168 Executing VM operation: HandshakeAllThreads
Event: 12.168 Executing VM operation: HandshakeAllThreads done
Event: 12.341 Executing VM operation: ParallelGCFailedAllocation
Event: 12.345 Executing VM operation: ParallelGCFailedAllocation done
Event: 12.574 Executing VM operation: ParallelGCFailedAllocation
Event: 12.579 Executing VM operation: ParallelGCFailedAllocation done
Event: 12.681 Executing VM operation: HandshakeAllThreads
Event: 12.681 Executing VM operation: HandshakeAllThreads done
Event: 12.711 Executing VM operation: HandshakeAllThreads
Event: 12.713 Executing VM operation: HandshakeAllThreads done
Event: 12.804 Executing VM operation: HandshakeAllThreads
Event: 12.804 Executing VM operation: HandshakeAllThreads done
Event: 12.965 Executing VM operation: ParallelGCFailedAllocation
Event: 12.978 Executing VM operation: ParallelGCFailedAllocation done

Events (20 events):
Event: 12.815 Thread 0x000002c9fe126d80 flushing nmethod 0x000002c9ebad8c10
Event: 12.815 Thread 0x000002c9fe126d80 flushing nmethod 0x000002c9ebada310
Event: 12.815 Thread 0x000002c9fe126d80 flushing nmethod 0x000002c9ebae0d10
Event: 12.815 Thread 0x000002c9fe126d80 flushing nmethod 0x000002c9ebae1790
Event: 12.815 Thread 0x000002c9fe126d80 flushing nmethod 0x000002c9ebae3d10
Event: 12.815 Thread 0x000002c9fe126d80 flushing nmethod 0x000002c9ebae5090
Event: 12.815 Thread 0x000002c9fe126d80 flushing nmethod 0x000002c9ebae9a10
Event: 12.815 Thread 0x000002c9fe126d80 flushing nmethod 0x000002c9ebaec410
Event: 12.815 Thread 0x000002c9fe126d80 flushing nmethod 0x000002c9ebb03810
Event: 12.815 Thread 0x000002c9fe126d80 flushing nmethod 0x000002c9ebb04a90
Event: 12.815 Thread 0x000002c9fe126d80 flushing nmethod 0x000002c9ebb08d10
Event: 12.815 Thread 0x000002c9fe126d80 flushing nmethod 0x000002c9ebb09a10
Event: 12.816 Thread 0x000002c9fe126d80 flushing nmethod 0x000002c9ebb2e110
Event: 12.816 Thread 0x000002c9fe126d80 flushing nmethod 0x000002c9ebb39d10
Event: 12.816 Thread 0x000002c9fe126d80 flushing nmethod 0x000002c9ebb41490
Event: 12.816 Thread 0x000002c9fe126d80 flushing nmethod 0x000002c9ebb4f310
Event: 12.816 Thread 0x000002c9fe126d80 flushing nmethod 0x000002c9ebb50990
Event: 12.816 Thread 0x000002c9fe126d80 flushing nmethod 0x000002c9ebb5e990
Event: 12.816 Thread 0x000002c9fe126d80 flushing nmethod 0x000002c9ebb68910
Event: 12.816 Thread 0x000002c9fe126d80 flushing nmethod 0x000002c9ebb8c510


Dynamic libraries:
0x00007ff68faf0000 - 0x00007ff68fafe000 	c:\Users\Asma\.vscode\extensions\redhat.java-1.6.0-win32-x64\jre\17.0.2-win32-x86_64\bin\java.exe
0x00007ffdac8d0000 - 0x00007ffdacac5000 	C:\WINDOWS\SYSTEM32\ntdll.dll
0x00007ffdab020000 - 0x00007ffdab0dd000 	C:\WINDOWS\System32\KERNEL32.DLL
0x00007ffdaa1f0000 - 0x00007ffdaa4bd000 	C:\WINDOWS\System32\KERNELBASE.dll
0x00007ffdaa0f0000 - 0x00007ffdaa1f0000 	C:\WINDOWS\System32\ucrtbase.dll
0x00007ffda38e0000 - 0x00007ffda38f8000 	c:\Users\Asma\.vscode\extensions\redhat.java-1.6.0-win32-x64\jre\17.0.2-win32-x86_64\bin\jli.dll
0x00007ffd94c60000 - 0x00007ffd94c79000 	c:\Users\Asma\.vscode\extensions\redhat.java-1.6.0-win32-x64\jre\17.0.2-win32-x86_64\bin\VCRUNTIME140.dll
0x00007ffdac530000 - 0x00007ffdac6d0000 	C:\WINDOWS\System32\USER32.dll
0x00007ffd94f10000 - 0x00007ffd951aa000 	C:\WINDOWS\WinSxS\amd64_microsoft.windows.common-controls_6595b64144ccf1df_6.0.19041.1110_none_60b5254171f9507e\COMCTL32.dll
0x00007ffdaa4c0000 - 0x00007ffdaa4e2000 	C:\WINDOWS\System32\win32u.dll
0x00007ffdac740000 - 0x00007ffdac7de000 	C:\WINDOWS\System32\msvcrt.dll
0x00007ffdaaff0000 - 0x00007ffdab01a000 	C:\WINDOWS\System32\GDI32.dll
0x00007ffdaa810000 - 0x00007ffdaa91b000 	C:\WINDOWS\System32\gdi32full.dll
0x00007ffdaa770000 - 0x00007ffdaa80d000 	C:\WINDOWS\System32\msvcp_win.dll
0x00007ffdabc60000 - 0x00007ffdabc90000 	C:\WINDOWS\System32\IMM32.DLL
0x00007ffda5a60000 - 0x00007ffda5a6c000 	c:\Users\Asma\.vscode\extensions\redhat.java-1.6.0-win32-x64\jre\17.0.2-win32-x86_64\bin\vcruntime140_1.dll
0x00007ffd78720000 - 0x00007ffd787b1000 	c:\Users\Asma\.vscode\extensions\redhat.java-1.6.0-win32-x64\jre\17.0.2-win32-x86_64\bin\msvcp140.dll
0x00007ffd640a0000 - 0x00007ffd64ce7000 	c:\Users\Asma\.vscode\extensions\redhat.java-1.6.0-win32-x64\jre\17.0.2-win32-x86_64\bin\server\jvm.dll
0x00007ffdac7e0000 - 0x00007ffdac88e000 	C:\WINDOWS\System32\ADVAPI32.dll
0x00007ffdab0e0000 - 0x00007ffdab17c000 	C:\WINDOWS\System32\sechost.dll
0x00007ffdaace0000 - 0x00007ffdaae05000 	C:\WINDOWS\System32\RPCRT4.dll
0x00007ffd80900000 - 0x00007ffd80909000 	C:\WINDOWS\SYSTEM32\WSOCK32.dll
0x00007ffdabc90000 - 0x00007ffdabc98000 	C:\WINDOWS\System32\PSAPI.DLL
0x00007ffd8ea10000 - 0x00007ffd8ea37000 	C:\WINDOWS\SYSTEM32\WINMM.dll
0x00007ffda0f90000 - 0x00007ffda0f9a000 	C:\WINDOWS\SYSTEM32\VERSION.dll
0x00007ffdac6d0000 - 0x00007ffdac73b000 	C:\WINDOWS\System32\WS2_32.dll
0x00007ffda8870000 - 0x00007ffda8882000 	C:\WINDOWS\SYSTEM32\kernel.appcore.dll
0x00007ffda47a0000 - 0x00007ffda47aa000 	c:\Users\Asma\.vscode\extensions\redhat.java-1.6.0-win32-x64\jre\17.0.2-win32-x86_64\bin\jimage.dll
0x00007ffda7c90000 - 0x00007ffda7e74000 	C:\WINDOWS\SYSTEM32\DBGHELP.DLL
0x00007ffd893d0000 - 0x00007ffd893fc000 	C:\WINDOWS\SYSTEM32\dbgcore.DLL
0x00007ffdaa030000 - 0x00007ffdaa0b2000 	C:\WINDOWS\System32\bcryptPrimitives.dll
0x00007ffd7ee10000 - 0x00007ffd7ee35000 	c:\Users\Asma\.vscode\extensions\redhat.java-1.6.0-win32-x64\jre\17.0.2-win32-x86_64\bin\java.dll
0x00007ffd94c40000 - 0x00007ffd94c58000 	c:\Users\Asma\.vscode\extensions\redhat.java-1.6.0-win32-x64\jre\17.0.2-win32-x86_64\bin\zip.dll
0x00007ffdab440000 - 0x00007ffdabb84000 	C:\WINDOWS\System32\SHELL32.dll
0x00007ffda80c0000 - 0x00007ffda8854000 	C:\WINDOWS\SYSTEM32\windows.storage.dll
0x00007ffdaa920000 - 0x00007ffdaac74000 	C:\WINDOWS\System32\combase.dll
0x00007ffda9a40000 - 0x00007ffda9a6c000 	C:\WINDOWS\SYSTEM32\Wldp.dll
0x00007ffdac360000 - 0x00007ffdac40d000 	C:\WINDOWS\System32\SHCORE.dll
0x00007ffdabcb0000 - 0x00007ffdabd05000 	C:\WINDOWS\System32\shlwapi.dll
0x00007ffda9f20000 - 0x00007ffda9f3f000 	C:\WINDOWS\SYSTEM32\profapi.dll
0x00007ffd8cfa0000 - 0x00007ffd8cfb9000 	C:\Users\Asma\.vscode\extensions\redhat.java-1.6.0-win32-x64\jre\17.0.2-win32-x86_64\bin\net.dll
0x00007ffd97130000 - 0x00007ffd9723a000 	C:\WINDOWS\SYSTEM32\WINHTTP.dll
0x00007ffda97a0000 - 0x00007ffda980a000 	C:\WINDOWS\system32\mswsock.dll
0x00007ffd80910000 - 0x00007ffd80925000 	C:\Users\Asma\.vscode\extensions\redhat.java-1.6.0-win32-x64\jre\17.0.2-win32-x86_64\bin\nio.dll
0x00007ffda9990000 - 0x00007ffda99a8000 	C:\WINDOWS\SYSTEM32\CRYPTSP.dll
0x00007ffda90b0000 - 0x00007ffda90e4000 	C:\WINDOWS\system32\rsaenh.dll
0x00007ffdaa0c0000 - 0x00007ffdaa0e7000 	C:\WINDOWS\System32\bcrypt.dll
0x00007ffda9ea0000 - 0x00007ffda9ece000 	C:\WINDOWS\SYSTEM32\USERENV.dll
0x00007ffda99b0000 - 0x00007ffda99bc000 	C:\WINDOWS\SYSTEM32\CRYPTBASE.dll
0x00007ffda9440000 - 0x00007ffda947b000 	C:\WINDOWS\SYSTEM32\IPHLPAPI.DLL
0x00007ffdaaf80000 - 0x00007ffdaaf88000 	C:\WINDOWS\System32\NSI.dll
0x00007ffd9f1f0000 - 0x00007ffd9f207000 	C:\WINDOWS\SYSTEM32\dhcpcsvc6.DLL
0x00007ffd9fbb0000 - 0x00007ffd9fbcd000 	C:\WINDOWS\SYSTEM32\dhcpcsvc.DLL
0x00007ffda9480000 - 0x00007ffda954b000 	C:\WINDOWS\SYSTEM32\DNSAPI.dll
0x00007ffd78fe0000 - 0x00007ffd7901e000 	C:\Users\Asma\AppData\Roaming\Code\User\globalStorage\redhat.java\1.6.0\config_win\org.eclipse.equinox.launcher\org.eclipse.equinox.launcher.win32.win32.x86_64_1.2.400.v20211117-0650\eclipse_11602.dll
0x00007ffdabd30000 - 0x00007ffdabe5a000 	C:\WINDOWS\System32\ole32.dll
0x00007ffda5b60000 - 0x00007ffda5b70000 	c:\Users\Asma\.vscode\extensions\redhat.java-1.6.0-win32-x64\jre\17.0.2-win32-x86_64\bin\verify.dll
0x00007ffd788d0000 - 0x00007ffd78914000 	C:\Users\Asma\AppData\Local\Temp\jna-2050406\jna11686051954069889480.dll
0x00007ffda3f50000 - 0x00007ffda3f5e000 	C:\Users\Asma\.vscode\extensions\redhat.java-1.6.0-win32-x64\jre\17.0.2-win32-x86_64\bin\sunmscapi.dll
0x00007ffdaa560000 - 0x00007ffdaa6b6000 	C:\WINDOWS\System32\CRYPT32.dll
0x00007ffda9ab0000 - 0x00007ffda9ad7000 	C:\WINDOWS\SYSTEM32\ncrypt.dll
0x00007ffda9a70000 - 0x00007ffda9aab000 	C:\WINDOWS\SYSTEM32\NTASN1.dll
0x00007ffda0e90000 - 0x00007ffda0e9a000 	C:\Windows\System32\rasadhlp.dll

dbghelp: loaded successfully - version: 4.0.5 - missing functions: none
symbol engine: initialized successfully - sym options: 0x614 - pdb path: .;c:\Users\Asma\.vscode\extensions\redhat.java-1.6.0-win32-x64\jre\17.0.2-win32-x86_64\bin;C:\WINDOWS\SYSTEM32;C:\WINDOWS\WinSxS\amd64_microsoft.windows.common-controls_6595b64144ccf1df_6.0.19041.1110_none_60b5254171f9507e;c:\Users\Asma\.vscode\extensions\redhat.java-1.6.0-win32-x64\jre\17.0.2-win32-x86_64\bin\server;C:\Users\Asma\AppData\Roaming\Code\User\globalStorage\redhat.java\1.6.0\config_win\org.eclipse.equinox.launcher\org.eclipse.equinox.launcher.win32.win32.x86_64_1.2.400.v20211117-0650;C:\Users\Asma\AppData\Local\Temp\jna-2050406

VM Arguments:
jvm_args: --add-modules=ALL-SYSTEM --add-opens=java.base/java.util=ALL-UNNAMED --add-opens=java.base/java.lang=ALL-UNNAMED --add-opens=java.base/sun.nio.fs=ALL-UNNAMED -Declipse.application=org.eclipse.jdt.ls.core.id1 -Dosgi.bundles.defaultStartLevel=4 -Declipse.product=org.eclipse.jdt.ls.core.product -Djava.import.generatesMetadataFilesAtProjectRoot=false -Dfile.encoding=utf8 -DwatchParentProcess=false -XX:+UseParallelGC -XX:GCTimeRatio=4 -XX:AdaptiveSizePolicyWeight=90 -Dsun.zip.disableMemoryMapping=true -Xmx1G -Xms100m -XX:+HeapDumpOnOutOfMemoryError -XX:HeapDumpPath=c:\Users\Asma\AppData\Roaming\Code\User\workspaceStorage\4b475618d1e21e80c32405ba4d7e2000\redhat.java 
java_command: c:\Users\Asma\.vscode\extensions\redhat.java-1.6.0-win32-x64\server\plugins\org.eclipse.equinox.launcher_1.6.400.v20210924-0641.jar -configuration c:\Users\Asma\AppData\Roaming\Code\User\globalStorage\redhat.java\1.6.0\config_win -data c:\Users\Asma\AppData\Roaming\Code\User\workspaceStorage\4b475618d1e21e80c32405ba4d7e2000\redhat.java\jdt_ws
java_class_path (initial): c:\Users\Asma\.vscode\extensions\redhat.java-1.6.0-win32-x64\server\plugins\org.eclipse.equinox.launcher_1.6.400.v20210924-0641.jar
Launcher Type: SUN_STANDARD

[Global flags]
    uintx AdaptiveSizePolicyWeight                 = 90                                        {product} {command line}
     intx CICompilerCount                          = 4                                         {product} {ergonomic}
    uintx GCTimeRatio                              = 4                                         {product} {command line}
     bool HeapDumpOnOutOfMemoryError               = true                                   {manageable} {command line}
    ccstr HeapDumpPath                             = c:\Users\Asma\AppData\Roaming\Code\User\workspaceStorage\4b475618d1e21e80c32405ba4d7e2000\redhat.java         {manageable} {command line}
   size_t InitialHeapSize                          = 104857600                                 {product} {command line}
   size_t MaxHeapSize                              = 1073741824                                {product} {command line}
   size_t MaxNewSize                               = 357564416                                 {product} {ergonomic}
   size_t MinHeapDeltaBytes                        = 524288                                    {product} {ergonomic}
   size_t MinHeapSize                              = 104857600                                 {product} {command line}
   size_t NewSize                                  = 34603008                                  {product} {ergonomic}
    uintx NonNMethodCodeHeapSize                   = 5839372                                {pd product} {ergonomic}
    uintx NonProfiledCodeHeapSize                  = 122909434                              {pd product} {ergonomic}
   size_t OldSize                                  = 70254592                                  {product} {ergonomic}
    uintx ProfiledCodeHeapSize                     = 122909434                              {pd product} {ergonomic}
    uintx ReservedCodeCacheSize                    = 251658240                              {pd product} {ergonomic}
     bool SegmentedCodeCache                       = true                                      {product} {ergonomic}
   size_t SoftMaxHeapSize                          = 1073741824                             {manageable} {ergonomic}
     bool UseCompressedClassPointers               = true                           {product lp64_product} {ergonomic}
     bool UseCompressedOops                        = true                           {product lp64_product} {ergonomic}
     bool UseLargePagesIndividualAllocation        = false                                  {pd product} {ergonomic}
     bool UseParallelGC                            = true                                      {product} {command line}

Logging:
Log output configuration:
 #0: stdout all=warning uptime,level,tags
 #1: stderr all=off uptime,level,tags

Environment Variables:
PATH=C:\Python310\Scripts\;C:\Python310\;C:\ProgramData\Oracle\Java\javapath;C:\Program Files (x86)\Common Files\Oracle\Java\javapath;C:\Program Files\Microsoft MPI\Bin\;C:\Program Files\AdoptOpenJDK\jdk-11.0.10.9-hotspot\bin;C:\oraclexe\app\oracle\product\10.2.0\server\bin;C:\Python39\Scripts\;C:\Python39\;C:\windows\system32;C:\windows;C:\windows\System32\Wbem;C:\windows\System32\WindowsPowerShell\v1.0\;C:\windows\System32\OpenSSH\;C:\Program Files (x86)\NVIDIA Corporation\PhysX\Common;C:\Program Files\NVIDIA Corporation\NVIDIA NvDLISR;C:\ProgramData\chocolatey\bin;C:\WINDOWS\system32;C:\WINDOWS;C:\WINDOWS\System32\Wbem;C:\WINDOWS\System32\WindowsPowerShell\v1.0\;C:\WINDOWS\System32\OpenSSH\;C:\Program Files\dotnet\;C:\Program Files (x86)\Microsoft SQL Server\150\Tools\Binn\;C:\Program Files\Microsoft SQL Server\150\Tools\Binn\;C:\Program Files (x86)\Microsoft SQL Server\150\DTS\Binn\;C:\Program Files\Microsoft SQL Server\150\DTS\Binn\;C:\Program Files\Microsoft SQL Server\Client SDK\ODBC\170\Tools\Binn\;C:\Program Files\jdk-14.0.2\bin;C:\Program Files (x86)\dotnet\;C:\Program Files\Microsoft SQL Server\130\Tools\Binn\;C:\Program Files\Git\cmd;C:\Program Files\nodejs\;C:\Users\Asma\anaconda3;C:\Users\Asma\anaconda3\Library\mingw-w64\bin;C:\Users\Asma\anaconda3\Library\usr\bin;C:\Users\Asma\anaconda3\Library\bin;C:\Users\Asma\anaconda3\Scripts;C:\Users\Asma\AppData\Local\Microsoft\WindowsApps;C:\Users\Asma\AppData\Local\Programs\Microsoft VS Code\bin;C:\Users\Asma\AppData\Local\hyper\app-3.0.2\resources\bin;C:\Program Files\nodejs;C:\Program Files\heroku\bin;C:\Users\Asma\.dotnet\tools;C:\Program Files\JetBrains\IntelliJ IDEA Community Edition 2021.3.2\bin;;C:\Program Files\JetBrains\WebStorm 2021.3\bin;;C:\Users\Asma\AppData\Roaming\npm
USERNAME=Asma
OS=Windows_NT
PROCESSOR_IDENTIFIER=Intel64 Family 6 Model 158 Stepping 10, GenuineIntel



---------------  S Y S T E M  ---------------

OS:
 Windows 10 , 64 bit Build 19041 (10.0.19041.1706)
OS uptime: 12 days 23:29 hours

CPU: total 8 (initial active 8) (4 cores per cpu, 2 threads per core) family 6 model 158 stepping 10 microcode 0xca, cx8, cmov, fxsr, ht, mmx, 3dnowpref, sse, sse2, sse3, ssse3, sse4.1, sse4.2, popcnt, lzcnt, tsc, tscinvbit, avx, avx2, aes, erms, clmul, bmi1, bmi2, adx, fma, vzeroupper, clflush, clflushopt

Memory: 4k page, system-wide physical 8033M (130M free)
TotalPageFile size 32609M (AvailPageFile size 9M)
current process WorkingSet (physical memory assigned to process): 257M, peak: 258M
current process commit charge ("private bytes"): 306M, peak: 320M

vm_info: OpenJDK 64-Bit Server VM (17.0.2+8) for windows-amd64 JRE (17.0.2+8), built on Jan 20 2022 04:52:34 by "" with MS VC++ 16.7 (VS2019)

END.
